Crashdump ENABLED,  directory is: /home/sulochana/.ts3client/crashdumps
DUMP defined! Dumpdir is: /home/sulochana/.ts3client/crashdumps
2017-02-05 10:52:10.430508|INFO    |              |   |TeamSpeak 3 Client 3.1.0.1 (2017-01-12 12:10:40)
2017-02-05 10:52:10.430553|INFO    |              |   |SystemInformation: Linux 4.4.0-62-generic #83-Ubuntu SMP Wed Jan 18 14:10:15 UTC 2017 x86_64 Binary: 64bit
2017-02-05 10:52:10.430571|INFO    |              |   |Using hardware aes
2017-02-05 10:52:10.435630|DEBUG   |PulseAudio    |   |connected to pulse audio server
2017-02-05 10:52:10.457639|INFO    |Addons        |   |Checking for addon updates...
libpng warning: iCCP: known incorrect sRGB profile
2017-02-05 10:52:10.460550|INFO    |BadgesService |   |Received global badge list, size: 6
2017-02-05 10:52:10.460774|INFO    |Plugins       |   |Loading plugin: libclientquery_plugin.so
2017-02-05 10:52:10.461426|INFO    |Query         |   |listening on 127.0.0.1:25639
ClientQueryPlugin: currentServerConnectionChanged 1 (0)
2017-02-05 10:52:10.575208|INFO    |              |   |*** Time [MAINWINDOW]: 128
2017-02-05 10:52:10.575277|INFO    |              |   |*** Time [INIT]: 128
2017-02-05 10:52:10.575478|DEVELOP |ClientUI      |   |Notifications init: Soundpack path: /home/sulochana/Desktop/TeamSpeak3-Client-linux_amd64/sound/default
2017-02-05 10:52:10.577480|INFO    |ClientUI      |   |Failed to init text to speech engine
2017-02-05 10:52:10.577522|INFO    |ClientUI      |   |Qt version: 5.6.1
2017-02-05 10:52:10.577543|INFO    |ClientUI      |   |Using configuration location: /home/sulochana/.ts3client/settings.db
2017-02-05 10:52:11.076246|INFO    |ClientUI      |   |Last update check was: Sun Feb 5 12:11:17 2017
2017-02-05 10:52:11.076464|INFO    |              |   |Statistics report: Not yet, next report on Tue Feb 7 01:46:02 2017
2017-02-05 10:52:11.526983|INFO    |Addon         |   |Addon up to date.
2017-02-05 10:52:11.575685|INFO    |Newsticker    |   |Newsticker next check: Sun Feb 5 13:41:30 2017
2017-02-05 10:52:12.240485|INFO    |Newsticker    |   |Newsticker received for language en, expires on Sun Feb 5 16:52:12 2017, next check in 1800 seconds
2017-02-05 10:52:13.574805|INFO    |BadgesService |   |Request user badges callback, received 0 user badges
Crashdump ENABLED,  directory is: /home/sulochana/.ts3client/crashdumps
DUMP defined! Dumpdir is: /home/sulochana/.ts3client/crashdumps
2017-02-05 10:52:20.402279|INFO    |              |   |TeamSpeak 3 Client 3.1.0.1 (2017-01-12 12:10:40)
2017-02-05 10:52:20.402327|INFO    |              |   |SystemInformation: Linux 4.4.0-62-generic #83-Ubuntu SMP Wed Jan 18 14:10:15 UTC 2017 x86_64 Binary: 64bit
2017-02-05 10:52:20.402346|INFO    |              |   |Using hardware aes
2017-02-05 10:52:20.406979|DEBUG   |PulseAudio    |   |connected to pulse audio server
2017-02-05 10:52:20.429326|INFO    |Addons        |   |Checking for addon updates...
libpng warning: iCCP: known incorrect sRGB profile
2017-02-05 10:52:20.432181|INFO    |BadgesService |   |Received global badge list, size: 6
2017-02-05 10:52:20.432394|INFO    |Plugins       |   |Loading plugin: libclientquery_plugin.so
2017-02-05 10:52:20.433249|INFO    |Query         |   |listening on 127.0.0.1:25639
ClientQueryPlugin: currentServerConnectionChanged 1 (0)
2017-02-05 10:52:20.548085|INFO    |              |   |*** Time [MAINWINDOW]: 128
2017-02-05 10:52:20.548150|INFO    |              |   |*** Time [INIT]: 128
2017-02-05 10:52:20.548300|DEVELOP |ClientUI      |   |Notifications init: Soundpack path: /home/sulochana/Desktop/TeamSpeak3-Client-linux_amd64/sound/default
2017-02-05 10:52:20.550379|INFO    |ClientUI      |   |Failed to init text to speech engine
2017-02-05 10:52:20.550429|INFO    |ClientUI      |   |Qt version: 5.6.1
2017-02-05 10:52:20.550452|INFO    |ClientUI      |   |Using configuration location: /home/sulochana/.ts3client/settings.db
2017-02-05 10:52:21.049093|INFO    |ClientUI      |   |Last update check was: Sun Feb 5 12:11:17 2017
2017-02-05 10:52:21.049296|INFO    |              |   |Statistics report: Not yet, next report on Tue Feb 7 01:46:02 2017
2017-02-05 10:52:21.255489|INFO    |Addon         |   |Addon up to date.
2017-02-05 10:52:21.548691|INFO    |Newsticker    |   |Newsticker next check: Sun Feb 5 16:52:12 2017
2017-02-05 10:52:22.705196|INFO    |BadgesService |   |Request user badges callback, received 0 user badges
2017-02-05 10:52:29.262553|INFO    |ClientUI      |1  |Connect to server: ts.gamer.lk
2017-02-05 10:52:29.264484|INFO    |ClientUI      |1  |Trying to resolve ts.gamer.lk
2017-02-05 10:52:29.296548|INFO    |TSDNS         |   |A/AAAA DNS resolve for possible TSDNS successful, "gamer.lk" =(h: 104.18.35.137 p:0)
2017-02-05 10:52:29.321868|INFO    |TSDNS         |   |SRV DNS resolve unsuccessful, "_tsdns._tcp.gamer.lk" DNS server returned answer with no data
2017-02-05 10:52:29.446661|INFO    |TSDNS         |   |A/AAAA DNS resolve successful, "ts.gamer.lk" =(h: 108.61.164.41 p:0)
2017-02-05 10:52:29.856070|INFO    |TSDNS         |   |A/AAAA DNS resolve for possible TSDNS successful, "ts.gamer.lk" =(h: 108.61.164.41 p:0)
2017-02-05 10:52:29.856372|INFO    |TSDNS         |   |SRV DNS resolve unsuccessful, "_ts3._udp.ts.gamer.lk" DNS server returned answer with no data
2017-02-05 10:52:30.060693|INFO    |TSDNS         |   |TSDNS queried unsuccessfully 108.61.164.41:41144
2017-02-05 10:52:30.060782|INFO    |TSDNS         |   |No TSDNS found
2017-02-05 10:52:31.297171|INFO    |TSDNS         |   |TSDNS queried unsuccessfully 104.18.35.137:41144
2017-02-05 10:52:31.297259|INFO    |TSDNS         |   |No TSDNS found
2017-02-05 10:52:31.299039|INFO    |ClientUI      |1  |Lookup finished: ip=108.61.164.41 port=9987 query=ts.gamer.lk wasTSDNS=0 error=0
2017-02-05 10:52:31.299093|INFO    |ClientUI      |1  |Resolve successful: 108.61.164.41:9987
2017-02-05 10:52:31.300359|INFO    |ClientUI      |1  |Blacklist check ok
2017-02-05 10:52:31.300406|INFO    |ClientUI      |1  |Initiating connection: 108.61.164.41:9987
2017-02-05 10:52:31.318467|INFO    |PreProSpeex   |1  |Speex version: 1.2rc1
warning: The VAD has been replaced by a hack pending a complete rewrite
2017-02-05 10:52:31.319842|DEBUG   |PulseAudio    |   |Opening echo stream alsa_output.pci-0000_00_1b.0.analog-stereo.echo-cancel
2017-02-05 10:52:31.319914|ERROR   |PulseAudio    |   |could not find device, returning default stereo mapping
2017-02-05 10:52:31.320819|INFO    |ClientUI      |1  |Connect status: Connecting
2017-02-05 10:52:31.325426|INFO    |TSDNS         |   |A/AAAA DNS resolve successful, "blacklist.teamspeak.com" =(h: 46.105.112.65 p:0)
2017-02-05 10:52:31.701409|DEVELOP |PktHandler    |   |Puzzle solve time: 3
2017-02-05 10:52:32.268035|INFO    |ClientUI      |1  |Connect status: Connected
libpng warning: iCCP: known incorrect sRGB profile
libpng warning: iCCP: known incorrect sRGB profile
2017-02-05 10:52:32.518842|INFO    |ClientUI      |1  |Connect status: Establishing connection
2017-02-05 10:52:33.817387|INFO    |ClientUI      |1  |Connect status: Connection established
2017-02-05 10:52:33.819880|INFO    |PermManager   |   |Loading permissions from cache
libpng warning: iCCP: known incorrect sRGB profile
libpng warning: iCCP: known incorrect sRGB profile
libpng warning: iCCP: known incorrect sRGB profile
libpng warning: iCCP: known incorrect sRGB profile
libpng warning: iCCP: known incorrect sRGB profile
libpng warning: iCCP: known incorrect sRGB profile
libpng warning: iCCP: known incorrect sRGB profile
2017-02-05 10:54:17.074121|INFO    |ClientUI      |1  |Connect to server: ts.animus-esports.com
2017-02-05 10:54:17.277065|INFO    |ClientUI      |1  |Connect status: Disconnected
2017-02-05 10:54:17.277689|INFO    |ClientUI      |1  |Disconnected or forced to leave, want autoreconnect = 0
2017-02-05 10:54:17.279000|INFO    |ClientUI      |1  |Connecting to next server...
2017-02-05 10:54:17.279038|INFO    |ClientUI      |1  |Connect to server: ts.animus-esports.com
2017-02-05 10:54:17.280029|INFO    |ClientUI      |1  |Trying to resolve ts.animus-esports.com
2017-02-05 10:54:17.311770|INFO    |TSDNS         |   |A/AAAA DNS resolve for possible TSDNS successful, "animus-esports.com" =(h: 23.92.215.212 p:0)
2017-02-05 10:54:17.399088|INFO    |TSDNS         |   |SRV DNS resolve unsuccessful, "_tsdns._tcp.animus-esports.com" Domain name not found
2017-02-05 10:54:17.400243|INFO    |TSDNS         |   |SRV DNS resolve unsuccessful, "_ts3._udp.ts.animus-esports.com" Domain name not found
2017-02-05 10:54:17.577248|INFO    |TSDNS         |   |A/AAAA DNS resolve successful, "ts.animus-esports.com" =(h: 128.199.219.33 p:0)
2017-02-05 10:54:17.577355|INFO    |TSDNS         |   |A/AAAA DNS resolve for possible TSDNS successful, "ts.animus-esports.com" =(h: 128.199.219.33 p:0)
2017-02-05 10:54:17.649407|INFO    |TSDNS         |   |TSDNS queried unsuccessfully 128.199.219.33:41144
2017-02-05 10:54:17.649484|INFO    |TSDNS         |   |No TSDNS found
2017-02-05 10:54:19.312913|INFO    |TSDNS         |   |TSDNS queried unsuccessfully 23.92.215.212:41144
2017-02-05 10:54:19.312989|INFO    |TSDNS         |   |No TSDNS found
2017-02-05 10:54:19.313043|INFO    |ClientUI      |1  |Lookup finished: ip=128.199.219.33 port=9987 query=ts.animus-esports.com wasTSDNS=0 error=0
2017-02-05 10:54:19.313094|INFO    |ClientUI      |1  |Resolve successful: 128.199.219.33:9987
2017-02-05 10:54:19.314840|INFO    |ClientUI      |1  |Blacklist check ok
2017-02-05 10:54:19.314879|INFO    |ClientUI      |1  |Initiating connection: 128.199.219.33:9987
2017-02-05 10:54:19.333073|INFO    |ClientUI      |1  |Connect status: Connecting
2017-02-05 10:54:19.362347|INFO    |TSDNS         |   |A/AAAA DNS resolve successful, "blacklist.teamspeak.com" =(h: 46.105.112.65 p:0)
2017-02-05 10:54:19.458489|DEVELOP |PktHandler    |   |Puzzle solve time: 3
2017-02-05 10:54:19.719574|INFO    |ClientUI      |1  |Connect status: Connected
libpng warning: iCCP: known incorrect sRGB profile
libpng warning: iCCP: known incorrect sRGB profile
2017-02-05 10:54:19.780669|INFO    |ClientUI      |1  |Connect status: Establishing connection
2017-02-05 10:54:19.781161|INFO    |EncodeCelt    |1  |CELT bitstream version: 0x80000010
warning: The VAD has been replaced by a hack pending a complete rewrite
libpng warning: iCCP: known incorrect sRGB profile
libpng warning: iCCP: known incorrect sRGB profile
libpng warning: iCCP: known incorrect sRGB profile
libpng warning: iCCP: cHRM chunk does not match sRGB
2017-02-05 10:54:19.974711|INFO    |ClientUI      |1  |Connect status: Connection established
2017-02-05 10:54:19.975717|INFO    |PermManager   |   |Loading permissions from cache
libpng warning: iCCP: known incorrect sRGB profile
libpng warning: iCCP: known incorrect sRGB profile
libpng warning: iCCP: known incorrect sRGB profile
libpng warning: iCCP: known incorrect sRGB profile
2017-02-05 10:54:20.249606|INFO    |UIHelpers     |   |Error resizing icon to 16x16: /home/sulochana/.ts3client/cache/dGpTeTRmOU9YOTVacGJpSW0vVHlQRWgzOUtrPQ==/icons/icon_308875688 
libpng warning: iCCP: known incorrect sRGB profile
libpng warning: iCCP: known incorrect sRGB profile
libpng warning: iCCP: known incorrect sRGB profile
2017-02-05 10:54:20.546944|INFO    |BadgesService |   |Request user badges callback, received 0 user badges
2017-02-05 10:54:21.065894|INFO    |UIHelpers     |   |Error resizing icon to 16x16: /home/sulochana/.ts3client/cache/dGpTeTRmOU9YOTVacGJpSW0vVHlQRWgzOUtrPQ==/icons/icon_308875688 
2017-02-05 10:54:21.514659|INFO    |UIHelpers     |   |Error resizing icon to 16x16: /home/sulochana/.ts3client/cache/dGpTeTRmOU9YOTVacGJpSW0vVHlQRWgzOUtrPQ==/icons/icon_308875688 
2017-02-05 10:54:22.176462|INFO    |UIHelpers     |   |Error resizing icon to 16x16: /home/sulochana/.ts3client/cache/dGpTeTRmOU9YOTVacGJpSW0vVHlQRWgzOUtrPQ==/icons/icon_308875688 
libpng warning: iCCP: known incorrect sRGB profile
2017-02-05 10:54:30.200639|INFO    |UIHelpers     |   |Error resizing icon to 16x16: /home/sulochana/.ts3client/cache/dGpTeTRmOU9YOTVacGJpSW0vVHlQRWgzOUtrPQ==/icons/icon_308875688 
libpng warning: iCCP: known incorrect sRGB profile
libpng warning: iCCP: known incorrect sRGB profile
2017-02-05 10:54:55.874285|INFO    |ClientUI      |1  |Connect to server: 192.248.22.172
2017-02-05 10:54:55.949740|INFO    |ClientUI      |1  |Connect status: Disconnected
2017-02-05 10:54:55.950447|INFO    |ClientUI      |1  |Disconnected or forced to leave, want autoreconnect = 0
2017-02-05 10:54:55.951952|INFO    |ClientUI      |1  |Connecting to next server...
2017-02-05 10:54:55.951986|INFO    |ClientUI      |1  |Connect to server: 192.248.22.172
2017-02-05 10:54:55.953436|INFO    |ClientUI      |1  |Blacklist check ok
2017-02-05 10:54:55.953489|INFO    |ClientUI      |1  |Initiating connection: 192.248.22.172:9987
2017-02-05 10:54:55.956495|INFO    |TSDNS         |   |A/AAAA DNS resolve successful, "blacklist.teamspeak.com" =(h: 46.105.112.65 p:0)
2017-02-05 10:54:55.974421|INFO    |ClientUI      |1  |Connect status: Connecting
2017-02-05 10:54:56.029396|DEVELOP |PktHandler    |   |Puzzle solve time: 3
2017-02-05 10:54:56.138731|INFO    |ClientUI      |1  |Connect status: Connected
warning: The VAD has been replaced by a hack pending a complete rewrite
2017-02-05 10:54:56.191382|INFO    |ClientUI      |1  |Connect status: Establishing connection
2017-02-05 10:54:56.193983|INFO    |ClientUI      |1  |Connect status: Connection established
2017-02-05 10:54:56.194375|INFO    |PermManager   |   |Loading permissions from cache
libpng warning: iCCP: known incorrect sRGB profile
libpng warning: iCCP: known incorrect sRGB profile
libpng warning: iCCP: known incorrect sRGB profile
2017-02-05 10:55:28.071389|INFO    |ClientUI      |1  |Connect to server: ts.gamer.lk
2017-02-05 10:55:28.096115|INFO    |ClientUI      |1  |Connect status: Disconnected
2017-02-05 10:55:28.096790|INFO    |ClientUI      |1  |Disconnected or forced to leave, want autoreconnect = 0
2017-02-05 10:55:28.097529|INFO    |ClientUI      |1  |Connecting to next server...
2017-02-05 10:55:28.097557|INFO    |ClientUI      |1  |Connect to server: ts.gamer.lk
2017-02-05 10:55:28.098264|INFO    |ClientUI      |1  |Trying to resolve ts.gamer.lk
2017-02-05 10:55:28.151807|INFO    |TSDNS         |   |SRV DNS resolve unsuccessful, "_tsdns._tcp.gamer.lk" DNS server returned answer with no data
2017-02-05 10:55:28.154800|INFO    |TSDNS         |   |SRV DNS resolve unsuccessful, "_ts3._udp.ts.gamer.lk" DNS server returned answer with no data
2017-02-05 10:55:28.333715|INFO    |TSDNS         |   |A/AAAA DNS resolve successful, "ts.gamer.lk" =(h: 108.61.164.41 p:0)
2017-02-05 10:55:28.333811|INFO    |TSDNS         |   |A/AAAA DNS resolve for possible TSDNS successful, "ts.gamer.lk" =(h: 108.61.164.41 p:0)
2017-02-05 10:55:28.333909|INFO    |TSDNS         |   |A/AAAA DNS resolve for possible TSDNS successful, "gamer.lk" =(h: 104.18.35.137 p:0)
2017-02-05 10:55:28.538334|INFO    |TSDNS         |   |TSDNS queried unsuccessfully 108.61.164.41:41144
2017-02-05 10:55:28.538409|INFO    |TSDNS         |   |No TSDNS found
2017-02-05 10:55:30.334083|INFO    |TSDNS         |   |TSDNS queried unsuccessfully 104.18.35.137:41144
2017-02-05 10:55:30.334178|INFO    |TSDNS         |   |No TSDNS found
2017-02-05 10:55:30.335756|INFO    |ClientUI      |1  |Lookup finished: ip=108.61.164.41 port=9987 query=ts.gamer.lk wasTSDNS=0 error=0
2017-02-05 10:55:30.335810|INFO    |ClientUI      |1  |Resolve successful: 108.61.164.41:9987
2017-02-05 10:55:30.337342|INFO    |ClientUI      |1  |Blacklist check ok
2017-02-05 10:55:30.337378|INFO    |ClientUI      |1  |Initiating connection: 108.61.164.41:9987
2017-02-05 10:55:30.340119|INFO    |TSDNS         |   |A/AAAA DNS resolve successful, "blacklist.teamspeak.com" =(h: 46.105.112.65 p:0)
2017-02-05 10:55:30.358991|INFO    |ClientUI      |1  |Connect status: Connecting
2017-02-05 10:55:30.680438|DEVELOP |PktHandler    |   |Puzzle solve time: 3
2017-02-05 10:55:32.030924|INFO    |ClientUI      |1  |Connect status: Connected
libpng warning: iCCP: known incorrect sRGB profile
2017-02-05 10:55:32.188862|INFO    |ClientUI      |1  |Connect status: Establishing connection
2017-02-05 10:55:33.156109|INFO    |BadgesService |   |Request user badges callback, received 0 user badges
2017-02-05 10:55:35.604608|INFO    |ClientUI      |1  |Connect status: Connection established
2017-02-05 10:55:35.605135|INFO    |PermManager   |   |Loading permissions from cache
2017-02-05 10:55:35.621275|INFO    |ClientUI      |   |Blacklist check timeout
2017-02-05 10:55:54.738735|INFO    |ClientUI      |1  |Connect to server: ts.animus-esports.com
2017-02-05 10:55:54.908554|INFO    |ClientUI      |1  |Connect status: Disconnected
2017-02-05 10:55:54.909226|INFO    |ClientUI      |1  |Disconnected or forced to leave, want autoreconnect = 0
2017-02-05 10:55:54.910164|INFO    |ClientUI      |1  |Connecting to next server...
2017-02-05 10:55:54.910193|INFO    |ClientUI      |1  |Connect to server: ts.animus-esports.com
2017-02-05 10:55:54.910930|INFO    |ClientUI      |1  |Trying to resolve ts.animus-esports.com
2017-02-05 10:55:54.917123|INFO    |TSDNS         |   |A/AAAA DNS resolve successful, "ts.animus-esports.com" =(h: 128.199.219.33 p:0)
2017-02-05 10:55:54.917948|INFO    |TSDNS         |   |A/AAAA DNS resolve for possible TSDNS successful, "ts.animus-esports.com" =(h: 128.199.219.33 p:0)
2017-02-05 10:55:54.918772|INFO    |TSDNS         |   |A/AAAA DNS resolve for possible TSDNS successful, "animus-esports.com" =(h: 23.92.215.212 p:0)
2017-02-05 10:55:54.972506|INFO    |TSDNS         |   |SRV DNS resolve unsuccessful, "_tsdns._tcp.animus-esports.com" Domain name not found
2017-02-05 10:55:54.975156|INFO    |TSDNS         |   |SRV DNS resolve unsuccessful, "_ts3._udp.ts.animus-esports.com" Domain name not found
2017-02-05 10:55:54.981275|INFO    |TSDNS         |   |TSDNS queried unsuccessfully 128.199.219.33:41144
2017-02-05 10:55:54.981356|INFO    |TSDNS         |   |No TSDNS found
2017-02-05 10:55:56.919779|INFO    |TSDNS         |   |TSDNS queried unsuccessfully 23.92.215.212:41144
2017-02-05 10:55:56.919852|INFO    |TSDNS         |   |No TSDNS found
2017-02-05 10:55:56.919928|INFO    |ClientUI      |1  |Lookup finished: ip=128.199.219.33 port=9987 query=ts.animus-esports.com wasTSDNS=0 error=0
2017-02-05 10:55:56.919977|INFO    |ClientUI      |1  |Resolve successful: 128.199.219.33:9987
2017-02-05 10:55:56.921786|INFO    |ClientUI      |1  |Blacklist check ok
2017-02-05 10:55:56.921816|INFO    |ClientUI      |1  |Initiating connection: 128.199.219.33:9987
2017-02-05 10:55:56.925020|INFO    |TSDNS         |   |A/AAAA DNS resolve successful, "blacklist.teamspeak.com" =(h: 46.105.112.65 p:0)
2017-02-05 10:55:56.937934|INFO    |ClientUI      |1  |Connect status: Connecting
2017-02-05 10:55:57.062310|DEVELOP |PktHandler    |   |Puzzle solve time: 3
2017-02-05 10:55:57.319388|INFO    |ClientUI      |1  |Connect status: Connected
libpng warning: iCCP: known incorrect sRGB profile
2017-02-05 10:55:57.371936|INFO    |ClientUI      |1  |Connect status: Establishing connection
warning: The VAD has been replaced by a hack pending a complete rewrite
2017-02-05 10:55:57.571860|INFO    |ClientUI      |1  |Connect status: Connection established
2017-02-05 10:55:57.572393|INFO    |PermManager   |   |Loading permissions from cache
libpng warning: iCCP: known incorrect sRGB profile
2017-02-05 10:55:57.848275|INFO    |UIHelpers     |   |Error resizing icon to 16x16: /home/sulochana/.ts3client/cache/dGpTeTRmOU9YOTVacGJpSW0vVHlQRWgzOUtrPQ==/icons/icon_308875688 
2017-02-05 10:55:58.873500|INFO    |UIHelpers     |   |Error resizing icon to 16x16: /home/sulochana/.ts3client/cache/dGpTeTRmOU9YOTVacGJpSW0vVHlQRWgzOUtrPQ==/icons/icon_308875688 
2017-02-05 10:56:02.096816|INFO    |UIHelpers     |   |Error resizing icon to 16x16: /home/sulochana/.ts3client/cache/dGpTeTRmOU9YOTVacGJpSW0vVHlQRWgzOUtrPQ==/icons/icon_308875688 
2017-02-05 10:56:03.928000|INFO    |UIHelpers     |   |Error resizing icon to 16x16: /home/sulochana/.ts3client/cache/dGpTeTRmOU9YOTVacGJpSW0vVHlQRWgzOUtrPQ==/icons/icon_308875688 
2017-02-05 10:56:04.004845|INFO    |UIHelpers     |   |Error resizing icon to 16x16: /home/sulochana/.ts3client/cache/dGpTeTRmOU9YOTVacGJpSW0vVHlQRWgzOUtrPQ==/icons/icon_308875688 
2017-02-05 10:56:06.953645|INFO    |UIHelpers     |   |Error resizing icon to 16x16: /home/sulochana/.ts3client/cache/dGpTeTRmOU9YOTVacGJpSW0vVHlQRWgzOUtrPQ==/icons/icon_308875688 
2017-02-05 10:56:07.291277|INFO    |UIHelpers     |   |Error resizing icon to 16x16: /home/sulochana/.ts3client/cache/dGpTeTRmOU9YOTVacGJpSW0vVHlQRWgzOUtrPQ==/icons/icon_308875688 
2017-02-05 10:56:07.486906|INFO    |UIHelpers     |   |Error resizing icon to 16x16: /home/sulochana/.ts3client/cache/dGpTeTRmOU9YOTVacGJpSW0vVHlQRWgzOUtrPQ==/icons/icon_308875688 
2017-02-05 10:56:08.184867|INFO    |UIHelpers     |   |Error resizing icon to 16x16: /home/sulochana/.ts3client/cache/dGpTeTRmOU9YOTVacGJpSW0vVHlQRWgzOUtrPQ==/icons/icon_308875688 
2017-02-05 10:56:10.486782|INFO    |ClientUI      |1  |Connect to server: 192.248.22.172
2017-02-05 10:56:10.491367|INFO    |UIHelpers     |   |Error resizing icon to 16x16: /home/sulochana/.ts3client/cache/dGpTeTRmOU9YOTVacGJpSW0vVHlQRWgzOUtrPQ==/icons/icon_308875688 
2017-02-05 10:56:10.549125|INFO    |ClientUI      |1  |Connect status: Disconnected
2017-02-05 10:56:10.549877|INFO    |ClientUI      |1  |Disconnected or forced to leave, want autoreconnect = 0
2017-02-05 10:56:10.551330|INFO    |ClientUI      |1  |Connecting to next server...
2017-02-05 10:56:10.551367|INFO    |ClientUI      |1  |Connect to server: 192.248.22.172
2017-02-05 10:56:10.553471|INFO    |ClientUI      |1  |Blacklist check ok
2017-02-05 10:56:10.553513|INFO    |ClientUI      |1  |Initiating connection: 192.248.22.172:9987
2017-02-05 10:56:10.556349|INFO    |TSDNS         |   |A/AAAA DNS resolve successful, "blacklist.teamspeak.com" =(h: 46.105.112.65 p:0)
2017-02-05 10:56:10.574068|INFO    |ClientUI      |1  |Connect status: Connecting
2017-02-05 10:56:10.619286|DEVELOP |PktHandler    |   |Puzzle solve time: 3
2017-02-05 10:56:10.730970|INFO    |ClientUI      |1  |Connect status: Connected
warning: The VAD has been replaced by a hack pending a complete rewrite
2017-02-05 10:56:10.781785|INFO    |ClientUI      |1  |Connect status: Establishing connection
2017-02-05 10:56:10.784701|INFO    |ClientUI      |1  |Connect status: Connection established
2017-02-05 10:56:10.785110|INFO    |PermManager   |   |Loading permissions from cache
2017-02-05 10:58:06.100826|INFO    |ClientUI      |1  |Connect status: Disconnected
2017-02-05 10:58:06.101563|INFO    |ClientUI      |1  |Disconnected or forced to leave, want autoreconnect = 0
2017-02-05 11:02:40.275954|INFO    |ClientUI      |1  |Connect to server: 192.248.22.172
2017-02-05 11:02:40.277901|INFO    |ClientUI      |1  |Blacklist check ok
2017-02-05 11:02:40.277935|INFO    |ClientUI      |1  |Initiating connection: 192.248.22.172:9987
2017-02-05 11:02:40.298649|INFO    |ClientUI      |1  |Connect status: Connecting
2017-02-05 11:02:40.303649|INFO    |TSDNS         |   |A/AAAA DNS resolve successful, "blacklist.teamspeak.com" =(h: 46.105.112.65 p:0)
2017-02-05 11:02:40.353095|DEVELOP |PktHandler    |   |Puzzle solve time: 3
2017-02-05 11:02:40.465443|INFO    |ClientUI      |1  |Connect status: Connected
2017-02-05 11:02:40.514668|INFO    |ClientUI      |1  |Connect status: Establishing connection
2017-02-05 11:02:40.524356|INFO    |ClientUI      |1  |Connect status: Connection established
2017-02-05 11:02:40.524809|INFO    |PermManager   |   |Loading permissions from cache
libpng warning: iCCP: known incorrect sRGB profile
libpng warning: iCCP: known incorrect sRGB profile
2017-02-05 11:02:41.307283|INFO    |BadgesService |   |Request user badges callback, received 0 user badges
2017-02-05 11:02:55.449758|INFO    |PermissionsTree|   |Is new permID server: 1
2017-02-05 11:02:55.461786|INFO    |PermissionsTree|   |Is new permID server: 1
2017-02-05 11:02:55.468693|INFO    |PermissionsTree|   |Is new permID server: 1
2017-02-05 11:02:55.489128|INFO    |PermissionsTree|   |Is new permID server: 1
2017-02-05 11:02:55.501543|INFO    |PermissionsTree|   |Is new permID server: 1
libpng warning: iCCP: known incorrect sRGB profile
libpng warning: iCCP: known incorrect sRGB profile
libpng warning: iCCP: known incorrect sRGB profile
libpng warning: iCCP: known incorrect sRGB profile
libpng warning: iCCP: known incorrect sRGB profile
libpng warning: iCCP: known incorrect sRGB profile
libpng warning: iCCP: known incorrect sRGB profile
libpng warning: iCCP: known incorrect sRGB profile
libpng warning: iCCP: known incorrect sRGB profile
libpng warning: iCCP: known incorrect sRGB profile
libpng warning: iCCP: known incorrect sRGB profile
libpng warning: iCCP: known incorrect sRGB profile
libpng warning: iCCP: known incorrect sRGB profile
libpng warning: iCCP: known incorrect sRGB profile
libpng warning: iCCP: known incorrect sRGB profile
libpng warning: iCCP: known incorrect sRGB profile
libpng warning: iCCP: known incorrect sRGB profile
libpng warning: iCCP: known incorrect sRGB profile
libpng warning: iCCP: known incorrect sRGB profile
libpng warning: iCCP: known incorrect sRGB profile
libpng warning: iCCP: known incorrect sRGB profile
libpng warning: iCCP: known incorrect sRGB profile
2017-02-05 11:04:55.888660|INFO    |PermissionsTree|   |Is new permID server: 1
2017-02-05 11:04:55.899533|INFO    |PermissionsTree|   |Is new permID server: 1
2017-02-05 11:04:55.906110|INFO    |PermissionsTree|   |Is new permID server: 1
2017-02-05 11:04:55.925800|INFO    |PermissionsTree|   |Is new permID server: 1
2017-02-05 11:04:55.937553|INFO    |PermissionsTree|   |Is new permID server: 1
libpng warning: iCCP: known incorrect sRGB profile
libpng warning: iCCP: known incorrect sRGB profile
libpng warning: iCCP: known incorrect sRGB profile
libpng warning: iCCP: known incorrect sRGB profile
libpng warning: iCCP: known incorrect sRGB profile
libpng warning: iCCP: known incorrect sRGB profile
libpng warning: iCCP: known incorrect sRGB profile
libpng warning: iCCP: known incorrect sRGB profile
libpng warning: iCCP: known incorrect sRGB profile
libpng warning: iCCP: known incorrect sRGB profile
libpng warning: iCCP: known incorrect sRGB profile
libpng warning: iCCP: known incorrect sRGB profile
libpng warning: iCCP: known incorrect sRGB profile
libpng warning: iCCP: known incorrect sRGB profile
libpng warning: iCCP: known incorrect sRGB profile
libpng warning: iCCP: known incorrect sRGB profile
QMetaObject::connectSlotsByName: No matching signal for on_queued_open_dialog()
QMetaObject::connectSlotsByName: No matching signal for on_account_created(QString,QString)
QLayout: Attempting to add QLayout "" to ProfileManager "", which already has a layout
QLayout: Attempting to add QLayout "" to ProfileManager "", which already has a layout
QLayout: Attempting to add QLayout "" to ProfileManager "", which already has a layout
Installed Qt WebEngine locales directory not found at location /home/sulochana/Desktop/TeamSpeak3-Client-linux_amd64/translations/qtwebengine_locales. Trying application directory...
Installed Qt WebEngine locales directory not found at location /home/sulochana/Desktop/TeamSpeak3-Client-linux_amd64/translations/qtwebengine_locales. Trying application directory...
2017-02-05 11:05:27.783998|DEBUG   |PulseAudio    |   |Underflow occurred on device ts3.pa.dummy.playbackdefault
2017-02-05 11:05:29.432065|DEVELOP |ClientUI      |   |Load Sound pack: /home/sulochana/Desktop/TeamSpeak3-Client-linux_amd64/sound/
2017-02-05 11:05:30.900230|INFO    |PermissionsTree|   |Is new permID server: 1
2017-02-05 11:05:30.911376|INFO    |PermissionsTree|   |Is new permID server: 1
2017-02-05 11:05:30.918105|INFO    |PermissionsTree|   |Is new permID server: 1
2017-02-05 11:05:30.938252|INFO    |PermissionsTree|   |Is new permID server: 1
2017-02-05 11:05:30.950324|INFO    |PermissionsTree|   |Is new permID server: 1
libpng warning: iCCP: known incorrect sRGB profile
libpng warning: iCCP: known incorrect sRGB profile
libpng warning: iCCP: known incorrect sRGB profile
libpng warning: iCCP: known incorrect sRGB profile
libpng warning: iCCP: known incorrect sRGB profile
libpng warning: iCCP: known incorrect sRGB profile
libpng warning: iCCP: known incorrect sRGB profile
libpng warning: iCCP: known incorrect sRGB profile
libpng warning: iCCP: known incorrect sRGB profile
libpng warning: iCCP: known incorrect sRGB profile
libpng warning: iCCP: known incorrect sRGB profile
libpng warning: iCCP: known incorrect sRGB profile
libpng warning: iCCP: known incorrect sRGB profile
libpng warning: iCCP: known incorrect sRGB profile
libpng warning: iCCP: known incorrect sRGB profile
libpng warning: iCCP: known incorrect sRGB profile
libpng warning: iCCP: known incorrect sRGB profile
libpng warning: iCCP: known incorrect sRGB profile
libpng warning: iCCP: known incorrect sRGB profile
libpng warning: iCCP: known incorrect sRGB profile
libpng warning: iCCP: known incorrect sRGB profile
libpng warning: iCCP: known incorrect sRGB profile
libpng warning: iCCP: known incorrect sRGB profile
libpng warning: iCCP: known incorrect sRGB profile
libpng warning: iCCP: known incorrect sRGB profile
libpng warning: iCCP: known incorrect sRGB profile
2017-02-05 11:18:24.921949|INFO    |PermissionsTree|   |Is new permID server: 1
2017-02-05 11:18:24.933151|INFO    |PermissionsTree|   |Is new permID server: 1
2017-02-05 11:18:24.939968|INFO    |PermissionsTree|   |Is new permID server: 1
2017-02-05 11:18:24.959967|INFO    |PermissionsTree|   |Is new permID server: 1
2017-02-05 11:18:24.972042|INFO    |PermissionsTree|   |Is new permID server: 1
libpng warning: iCCP: known incorrect sRGB profile
libpng warning: iCCP: known incorrect sRGB profile
libpng warning: iCCP: known incorrect sRGB profile
libpng warning: iCCP: known incorrect sRGB profile
libpng warning: iCCP: known incorrect sRGB profile
libpng warning: iCCP: known incorrect sRGB profile
libpng warning: iCCP: known incorrect sRGB profile
libpng warning: iCCP: known incorrect sRGB profile
libpng warning: iCCP: known incorrect sRGB profile
libpng warning: iCCP: known incorrect sRGB profile
libpng warning: iCCP: known incorrect sRGB profile
libpng warning: iCCP: known incorrect sRGB profile
libpng warning: iCCP: known incorrect sRGB profile
libpng warning: iCCP: known incorrect sRGB profile
libpng warning: iCCP: known incorrect sRGB profile
libpng warning: iCCP: known incorrect sRGB profile
libpng warning: iCCP: known incorrect sRGB profile
libpng warning: iCCP: known incorrect sRGB profile
libpng warning: iCCP: known incorrect sRGB profile
libpng warning: iCCP: known incorrect sRGB profile
libpng warning: iCCP: known incorrect sRGB profile
libpng warning: iCCP: known incorrect sRGB profile
libpng warning: iCCP: known incorrect sRGB profile
libpng warning: iCCP: known incorrect sRGB profile
libpng warning: iCCP: known incorrect sRGB profile
libpng warning: iCCP: known incorrect sRGB profile
libpng warning: iCCP: known incorrect sRGB profile
libpng warning: iCCP: known incorrect sRGB profile
libpng warning: iCCP: known incorrect sRGB profile
libpng warning: iCCP: known incorrect sRGB profile
libpng warning: iCCP: known incorrect sRGB profile
libpng warning: iCCP: known incorrect sRGB profile
libpng warning: iCCP: known incorrect sRGB profile
libpng warning: iCCP: known incorrect sRGB profile
libpng warning: iCCP: known incorrect sRGB profile
libpng warning: iCCP: known incorrect sRGB profile
2017-02-05 11:21:03.477764|INFO    |PermissionsTree|   |Is new permID server: 1
2017-02-05 11:21:03.489016|INFO    |PermissionsTree|   |Is new permID server: 1
2017-02-05 11:21:03.495802|INFO    |PermissionsTree|   |Is new permID server: 1
2017-02-05 11:21:03.516090|INFO    |PermissionsTree|   |Is new permID server: 1
2017-02-05 11:21:03.528477|INFO    |PermissionsTree|   |Is new permID server: 1
libpng warning: iCCP: known incorrect sRGB profile
libpng warning: iCCP: known incorrect sRGB profile
libpng warning: iCCP: known incorrect sRGB profile
libpng warning: iCCP: known incorrect sRGB profile
libpng warning: iCCP: known incorrect sRGB profile
libpng warning: iCCP: known incorrect sRGB profile
libpng warning: iCCP: known incorrect sRGB profile
libpng warning: iCCP: known incorrect sRGB profile
libpng warning: iCCP: known incorrect sRGB profile
libpng warning: iCCP: known incorrect sRGB profile
libpng warning: iCCP: known incorrect sRGB profile
libpng warning: iCCP: known incorrect sRGB profile
libpng warning: iCCP: known incorrect sRGB profile
libpng warning: iCCP: known incorrect sRGB profile
libpng warning: iCCP: known incorrect sRGB profile
libpng warning: iCCP: known incorrect sRGB profile
libpng warning: iCCP: known incorrect sRGB profile
libpng warning: iCCP: known incorrect sRGB profile
libpng warning: iCCP: known incorrect sRGB profile
libpng warning: iCCP: known incorrect sRGB profile
libpng warning: iCCP: known incorrect sRGB profile
libpng warning: iCCP: known incorrect sRGB profile
libpng warning: iCCP: known incorrect sRGB profile
libpng warning: iCCP: known incorrect sRGB profile
libpng warning: iCCP: known incorrect sRGB profile
2017-02-05 11:22:11.729408|INFO    |Newsticker    |   |Newsticker next check: Sun Feb 5 16:52:12 2017
2017-02-05 11:22:21.728534|INFO    |Newsticker    |   |Newsticker next check: Sun Feb 5 16:52:12 2017
2017-02-05 11:22:22.148775|INFO    |Newsticker    |   |Newsticker received for language en, expires on Sun Feb 5 17:22:22 2017, next check in 1800 seconds
2017-02-05 11:22:27.749326|INFO    |PermissionsTree|   |Is new permID server: 1
2017-02-05 11:22:27.761620|INFO    |PermissionsTree|   |Is new permID server: 1
2017-02-05 11:22:27.768700|INFO    |PermissionsTree|   |Is new permID server: 1
2017-02-05 11:22:27.789117|INFO    |PermissionsTree|   |Is new permID server: 1
2017-02-05 11:22:27.801535|INFO    |PermissionsTree|   |Is new permID server: 1
libpng warning: iCCP: known incorrect sRGB profile
libpng warning: iCCP: known incorrect sRGB profile
libpng warning: iCCP: known incorrect sRGB profile
libpng warning: iCCP: known incorrect sRGB profile
libpng warning: iCCP: known incorrect sRGB profile
libpng warning: iCCP: known incorrect sRGB profile
libpng warning: iCCP: known incorrect sRGB profile
libpng warning: iCCP: known incorrect sRGB profile
libpng warning: iCCP: known incorrect sRGB profile
libpng warning: iCCP: known incorrect sRGB profile
libpng warning: iCCP: known incorrect sRGB profile
libpng warning: iCCP: known incorrect sRGB profile
libpng warning: iCCP: known incorrect sRGB profile
libpng warning: iCCP: known incorrect sRGB profile
libpng warning: iCCP: known incorrect sRGB profile
libpng warning: iCCP: known incorrect sRGB profile
libpng warning: iCCP: known incorrect sRGB profile
libpng warning: iCCP: known incorrect sRGB profile
libpng warning: iCCP: known incorrect sRGB profile
libpng warning: iCCP: known incorrect sRGB profile
2017-02-05 11:23:52.807088|INFO    |PermissionsTree|   |Is new permID server: 1
2017-02-05 11:23:52.818243|INFO    |PermissionsTree|   |Is new permID server: 1
2017-02-05 11:23:52.825111|INFO    |PermissionsTree|   |Is new permID server: 1
2017-02-05 11:23:52.845463|INFO    |PermissionsTree|   |Is new permID server: 1
2017-02-05 11:23:52.857540|INFO    |PermissionsTree|   |Is new permID server: 1
libpng warning: iCCP: known incorrect sRGB profile
libpng warning: iCCP: known incorrect sRGB profile
libpng warning: iCCP: known incorrect sRGB profile
libpng warning: iCCP: known incorrect sRGB profile
libpng warning: iCCP: known incorrect sRGB profile
libpng warning: iCCP: known incorrect sRGB profile
libpng warning: iCCP: known incorrect sRGB profile
libpng warning: iCCP: known incorrect sRGB profile
libpng warning: iCCP: known incorrect sRGB profile
libpng warning: iCCP: known incorrect sRGB profile
2017-02-05 11:25:39.665547|INFO    |PermissionsTree|   |Is new permID server: 1
2017-02-05 11:25:39.676621|INFO    |PermissionsTree|   |Is new permID server: 1
2017-02-05 11:25:39.683559|INFO    |PermissionsTree|   |Is new permID server: 1
2017-02-05 11:25:39.703644|INFO    |PermissionsTree|   |Is new permID server: 1
2017-02-05 11:25:39.715672|INFO    |PermissionsTree|   |Is new permID server: 1
libpng warning: iCCP: known incorrect sRGB profile
libpng warning: iCCP: known incorrect sRGB profile
libpng warning: iCCP: known incorrect sRGB profile
libpng warning: iCCP: known incorrect sRGB profile
libpng warning: iCCP: known incorrect sRGB profile
libpng warning: iCCP: known incorrect sRGB profile
libpng warning: iCCP: known incorrect sRGB profile
libpng warning: iCCP: known incorrect sRGB profile
libpng warning: iCCP: known incorrect sRGB profile
libpng warning: iCCP: known incorrect sRGB profile
libpng warning: iCCP: known incorrect sRGB profile
libpng warning: iCCP: known incorrect sRGB profile
libpng warning: iCCP: known incorrect sRGB profile
libpng warning: iCCP: known incorrect sRGB profile
libpng warning: iCCP: known incorrect sRGB profile
libpng warning: iCCP: known incorrect sRGB profile
libpng warning: iCCP: known incorrect sRGB profile
libpng warning: iCCP: known incorrect sRGB profile
libpng warning: iCCP: known incorrect sRGB profile
libpng warning: iCCP: known incorrect sRGB profile
libpng warning: iCCP: known incorrect sRGB profile
libpng warning: iCCP: known incorrect sRGB profile
libpng warning: iCCP: known incorrect sRGB profile
libpng warning: iCCP: known incorrect sRGB profile
libpng warning: iCCP: known incorrect sRGB profile
libpng warning: iCCP: known incorrect sRGB profile
libpng warning: iCCP: known incorrect sRGB profile
libpng warning: iCCP: known incorrect sRGB profile
libpng warning: iCCP: known incorrect sRGB profile
libpng warning: iCCP: known incorrect sRGB profile
libpng warning: iCCP: known incorrect sRGB profile
libpng warning: iCCP: known incorrect sRGB profile
libpng warning: iCCP: known incorrect sRGB profile
libpng warning: iCCP: known incorrect sRGB profile
libpng warning: iCCP: known incorrect sRGB profile
libpng warning: iCCP: known incorrect sRGB profile
libpng warning: iCCP: known incorrect sRGB profile
libpng warning: iCCP: known incorrect sRGB profile
libpng warning: iCCP: known incorrect sRGB profile
libpng warning: iCCP: known incorrect sRGB profile
libpng warning: iCCP: known incorrect sRGB profile
libpng warning: iCCP: known incorrect sRGB profile
libpng warning: iCCP: known incorrect sRGB profile
2017-02-05 11:26:42.652703|INFO    |PermissionsTree|   |Is new permID server: 1
2017-02-05 11:26:42.664279|INFO    |PermissionsTree|   |Is new permID server: 1
2017-02-05 11:26:42.671327|INFO    |PermissionsTree|   |Is new permID server: 1
2017-02-05 11:26:42.691959|INFO    |PermissionsTree|   |Is new permID server: 1
2017-02-05 11:26:42.704434|INFO    |PermissionsTree|   |Is new permID server: 1
libpng warning: iCCP: known incorrect sRGB profile
libpng warning: iCCP: known incorrect sRGB profile
libpng warning: iCCP: known incorrect sRGB profile
libpng warning: iCCP: known incorrect sRGB profile
libpng warning: iCCP: known incorrect sRGB profile
libpng warning: iCCP: known incorrect sRGB profile
libpng warning: iCCP: known incorrect sRGB profile
libpng warning: iCCP: known incorrect sRGB profile
libpng warning: iCCP: known incorrect sRGB profile
libpng warning: iCCP: known incorrect sRGB profile
libpng warning: iCCP: known incorrect sRGB profile
libpng warning: iCCP: known incorrect sRGB profile
libpng warning: iCCP: known incorrect sRGB profile
ClientQueryPlugin: currentServerConnectionChanged 2 (2)
2017-02-05 11:28:13.861524|INFO    |ClientUI      |2  |Connect to server: 192.248.22.172
2017-02-05 11:28:13.863542|INFO    |ClientUI      |2  |Blacklist check ok
2017-02-05 11:28:13.863580|INFO    |ClientUI      |2  |Initiating connection: 192.248.22.172:9987
warning: The VAD has been replaced by a hack pending a complete rewrite
2017-02-05 11:28:13.884480|DEBUG   |PulseAudio    |   |Opening echo stream alsa_output.pci-0000_00_1b.0.analog-stereo.echo-cancel
2017-02-05 11:28:13.884535|ERROR   |PulseAudio    |   |could not find device, returning default stereo mapping
2017-02-05 11:28:13.885317|INFO    |ClientUI      |2  |Connect status: Connecting
2017-02-05 11:28:13.888354|INFO    |TSDNS         |   |A/AAAA DNS resolve successful, "blacklist.teamspeak.com" =(h: 46.105.112.65 p:0)
2017-02-05 11:28:13.937129|DEVELOP |PktHandler    |   |Puzzle solve time: 3
2017-02-05 11:28:14.020616|INFO    |ClientUI      |2  |Connect status: Disconnected
2017-02-05 11:28:14.020704|INFO    |ClientUI      |2  |Disconnected or forced to leave, want autoreconnect = 0
2017-02-05 11:28:24.189986|INFO    |ClientUI      |2  |Initiating connection: 192.248.22.172:9987
2017-02-05 11:28:24.211040|INFO    |ClientUI      |2  |Connect status: Connecting
2017-02-05 11:28:24.261827|DEVELOP |PktHandler    |   |Puzzle solve time: 2
2017-02-05 11:28:24.367676|INFO    |ClientUI      |2  |Connect status: Connected
2017-02-05 11:28:24.379347|INFO    |ClientUI      |2  |Connect status: Establishing connection
2017-02-05 11:28:24.414324|INFO    |ClientUI      |2  |Connect status: Connection established
2017-02-05 11:28:24.414763|INFO    |PermManager   |   |Loading permissions from cache
2017-02-05 11:28:25.095092|INFO    |BadgesService |   |Request user badges callback, received 0 user badges
ClientQueryPlugin: currentServerConnectionChanged 1 (1)
ClientQueryPlugin: currentServerConnectionChanged 2 (2)
2017-02-05 11:30:24.764266|INFO    |PermissionsTree|   |Is new permID server: 1
2017-02-05 11:30:24.775243|INFO    |PermissionsTree|   |Is new permID server: 1
2017-02-05 11:30:24.782042|INFO    |PermissionsTree|   |Is new permID server: 1
2017-02-05 11:30:24.802469|INFO    |PermissionsTree|   |Is new permID server: 1
2017-02-05 11:30:24.814598|INFO    |PermissionsTree|   |Is new permID server: 1
libpng warning: iCCP: known incorrect sRGB profile
libpng warning: iCCP: known incorrect sRGB profile
libpng warning: iCCP: known incorrect sRGB profile
ClientQueryPlugin: currentServerConnectionChanged 1 (1)
2017-02-05 11:30:51.362656|INFO    |PermissionsTree|   |Is new permID server: 1
2017-02-05 11:30:51.374191|INFO    |PermissionsTree|   |Is new permID server: 1
2017-02-05 11:30:51.381250|INFO    |PermissionsTree|   |Is new permID server: 1
2017-02-05 11:30:51.401786|INFO    |PermissionsTree|   |Is new permID server: 1
2017-02-05 11:30:51.414642|INFO    |PermissionsTree|   |Is new permID server: 1
libpng warning: iCCP: known incorrect sRGB profile
libpng warning: iCCP: known incorrect sRGB profile
libpng warning: iCCP: known incorrect sRGB profile
libpng warning: iCCP: known incorrect sRGB profile
libpng warning: iCCP: known incorrect sRGB profile
libpng warning: iCCP: known incorrect sRGB profile
libpng warning: iCCP: known incorrect sRGB profile
libpng warning: iCCP: known incorrect sRGB profile
libpng warning: iCCP: known incorrect sRGB profile
libpng warning: iCCP: known incorrect sRGB profile
libpng warning: iCCP: known incorrect sRGB profile
libpng warning: iCCP: known incorrect sRGB profile
libpng warning: iCCP: known incorrect sRGB profile
libpng warning: iCCP: known incorrect sRGB profile
libpng warning: iCCP: known incorrect sRGB profile
libpng warning: iCCP: known incorrect sRGB profile
libpng warning: iCCP: known incorrect sRGB profile
libpng warning: iCCP: known incorrect sRGB profile
libpng warning: iCCP: known incorrect sRGB profile
libpng warning: iCCP: known incorrect sRGB profile
libpng warning: iCCP: known incorrect sRGB profile
libpng warning: iCCP: known incorrect sRGB profile
ClientQueryPlugin: currentServerConnectionChanged 2 (2)
ClientQueryPlugin: currentServerConnectionChanged 1 (1)
ClientQueryPlugin: currentServerConnectionChanged 2 (2)
ClientQueryPlugin: currentServerConnectionChanged 3 (3)
2017-02-05 11:36:06.851189|INFO    |ClientUI      |3  |Connect to server: 192.248.22.172
2017-02-05 11:36:06.853253|INFO    |ClientUI      |3  |Blacklist check ok
2017-02-05 11:36:06.853298|INFO    |ClientUI      |3  |Initiating connection: 192.248.22.172:9987
warning: The VAD has been replaced by a hack pending a complete rewrite
2017-02-05 11:36:06.869426|DEBUG   |PulseAudio    |   |Opening echo stream alsa_output.pci-0000_00_1b.0.analog-stereo.echo-cancel
2017-02-05 11:36:06.869471|ERROR   |PulseAudio    |   |could not find device, returning default stereo mapping
2017-02-05 11:36:06.870282|INFO    |ClientUI      |3  |Connect status: Connecting
2017-02-05 11:36:06.878234|INFO    |TSDNS         |   |A/AAAA DNS resolve successful, "blacklist.teamspeak.com" =(h: 46.105.112.65 p:0)
2017-02-05 11:36:06.920472|DEVELOP |PktHandler    |   |Puzzle solve time: 2
2017-02-05 11:36:07.017838|INFO    |ClientUI      |3  |Connect status: Disconnected
2017-02-05 11:36:07.017909|INFO    |ClientUI      |3  |Disconnected or forced to leave, want autoreconnect = 0
2017-02-05 11:36:09.449481|INFO    |ClientUI      |3  |Initiating connection: 192.248.22.172:9987
2017-02-05 11:36:09.466985|INFO    |ClientUI      |3  |Connect status: Connecting
2017-02-05 11:36:09.515441|DEVELOP |PktHandler    |   |Puzzle solve time: 3
2017-02-05 11:36:10.919783|INFO    |ClientUI      |3  |Connect status: Connected
2017-02-05 11:36:10.931067|INFO    |ClientUI      |3  |Connect status: Establishing connection
2017-02-05 11:36:10.966664|INFO    |ClientUI      |3  |Connect status: Connection established
2017-02-05 11:36:10.967049|INFO    |PermManager   |   |Loading permissions from cache
2017-02-05 11:36:11.695503|INFO    |BadgesService |   |Request user badges callback, received 0 user badges
2017-02-05 11:36:16.536151|INFO    |ClientUI      |3  |Connect status: Disconnected
2017-02-05 11:36:16.536728|INFO    |ClientUI      |3  |Disconnected or forced to leave, want autoreconnect = 0
libpng warning: iCCP: known incorrect sRGB profile
libpng warning: iCCP: known incorrect sRGB profile
libpng warning: iCCP: known incorrect sRGB profile
libpng warning: iCCP: known incorrect sRGB profile
ClientQueryPlugin: currentServerConnectionChanged 2 (2)
ClientQueryPlugin: currentServerConnectionChanged 4 (4)
2017-02-05 11:36:48.256442|INFO    |ClientUI      |4  |Connect to server: 192.248.22.172
2017-02-05 11:36:48.258531|INFO    |ClientUI      |4  |Blacklist check ok
2017-02-05 11:36:48.258570|INFO    |ClientUI      |4  |Initiating connection: 192.248.22.172:9987
2017-02-05 11:36:48.261203|INFO    |TSDNS         |   |A/AAAA DNS resolve successful, "blacklist.teamspeak.com" =(h: 46.105.112.65 p:0)
warning: The VAD has been replaced by a hack pending a complete rewrite
2017-02-05 11:36:48.280474|DEBUG   |PulseAudio    |   |Opening echo stream alsa_output.pci-0000_00_1b.0.analog-stereo.echo-cancel
2017-02-05 11:36:48.280525|ERROR   |PulseAudio    |   |could not find device, returning default stereo mapping
2017-02-05 11:36:48.281161|INFO    |ClientUI      |4  |Connect status: Connecting
2017-02-05 11:36:48.331134|DEVELOP |PktHandler    |   |Puzzle solve time: 4
2017-02-05 11:36:48.414528|INFO    |ClientUI      |4  |Connect status: Disconnected
2017-02-05 11:36:48.414600|INFO    |ClientUI      |4  |Disconnected or forced to leave, want autoreconnect = 0
2017-02-05 11:36:50.175139|INFO    |ClientUI      |4  |Initiating connection: 192.248.22.172:9987
2017-02-05 11:36:50.189040|INFO    |ClientUI      |4  |Connect status: Connecting
2017-02-05 11:36:50.238387|DEVELOP |PktHandler    |   |Puzzle solve time: 3
2017-02-05 11:36:50.860375|INFO    |ClientUI      |4  |Connect status: Connected
2017-02-05 11:36:50.872211|INFO    |ClientUI      |4  |Connect status: Establishing connection
2017-02-05 11:36:50.908618|INFO    |ClientUI      |4  |Connect status: Connection established
2017-02-05 11:36:50.909002|INFO    |PermManager   |   |Loading permissions from cache
libpng warning: iCCP: known incorrect sRGB profile
libpng warning: iCCP: known incorrect sRGB profile
libpng warning: iCCP: known incorrect sRGB profile
libpng warning: iCCP: known incorrect sRGB profile
libpng warning: iCCP: known incorrect sRGB profile
libpng warning: iCCP: known incorrect sRGB profile
libpng warning: iCCP: known incorrect sRGB profile
libpng warning: iCCP: known incorrect sRGB profile
libpng warning: iCCP: known incorrect sRGB profile
libpng warning: iCCP: known incorrect sRGB profile
libpng warning: iCCP: known incorrect sRGB profile
libpng warning: iCCP: known incorrect sRGB profile
libpng warning: iCCP: known incorrect sRGB profile
libpng warning: iCCP: known incorrect sRGB profile
libpng warning: iCCP: known incorrect sRGB profile
libpng warning: iCCP: known incorrect sRGB profile
libpng warning: iCCP: known incorrect sRGB profile
libpng warning: iCCP: known incorrect sRGB profile
libpng warning: iCCP: known incorrect sRGB profile
libpng warning: iCCP: known incorrect sRGB profile
ClientQueryPlugin: currentServerConnectionChanged 2 (2)
ClientQueryPlugin: currentServerConnectionChanged 4 (4)
ClientQueryPlugin: currentServerConnectionChanged 2 (2)
ClientQueryPlugin: currentServerConnectionChanged 4 (4)
ClientQueryPlugin: currentServerConnectionChanged 2 (2)
2017-02-05 11:40:36.730191|INFO    |PermissionsTree|   |Is new permID server: 1
2017-02-05 11:40:36.741929|INFO    |PermissionsTree|   |Is new permID server: 1
2017-02-05 11:40:36.748916|INFO    |PermissionsTree|   |Is new permID server: 1
2017-02-05 11:40:36.769997|INFO    |PermissionsTree|   |Is new permID server: 1
2017-02-05 11:40:36.782269|INFO    |PermissionsTree|   |Is new permID server: 1
libpng warning: iCCP: known incorrect sRGB profile
libpng warning: iCCP: known incorrect sRGB profile
libpng warning: iCCP: known incorrect sRGB profile
ClientQueryPlugin: currentServerConnectionChanged 1 (1)
2017-02-05 11:40:41.203789|INFO    |PermissionsTree|   |Is new permID server: 1
2017-02-05 11:40:41.215048|INFO    |PermissionsTree|   |Is new permID server: 1
2017-02-05 11:40:41.221944|INFO    |PermissionsTree|   |Is new permID server: 1
2017-02-05 11:40:41.242040|INFO    |PermissionsTree|   |Is new permID server: 1
2017-02-05 11:40:41.254157|INFO    |PermissionsTree|   |Is new permID server: 1
libpng warning: iCCP: known incorrect sRGB profile
libpng warning: iCCP: known incorrect sRGB profile
libpng warning: iCCP: known incorrect sRGB profile
libpng warning: iCCP: known incorrect sRGB profile
libpng warning: iCCP: known incorrect sRGB profile
libpng warning: iCCP: known incorrect sRGB profile
libpng warning: iCCP: known incorrect sRGB profile
libpng warning: iCCP: known incorrect sRGB profile
libpng warning: iCCP: known incorrect sRGB profile
libpng warning: iCCP: known incorrect sRGB profile
libpng warning: iCCP: known incorrect sRGB profile
libpng warning: iCCP: known incorrect sRGB profile
libpng warning: iCCP: known incorrect sRGB profile
libpng warning: iCCP: known incorrect sRGB profile
libpng warning: iCCP: known incorrect sRGB profile
libpng warning: iCCP: known incorrect sRGB profile
libpng warning: iCCP: known incorrect sRGB profile
libpng warning: iCCP: known incorrect sRGB profile
libpng warning: iCCP: known incorrect sRGB profile
libpng warning: iCCP: known incorrect sRGB profile
libpng warning: iCCP: known incorrect sRGB profile
libpng warning: iCCP: known incorrect sRGB profile
libpng warning: iCCP: known incorrect sRGB profile
libpng warning: iCCP: known incorrect sRGB profile
libpng warning: iCCP: known incorrect sRGB profile
libpng warning: iCCP: known incorrect sRGB profile
libpng warning: iCCP: known incorrect sRGB profile
libpng warning: iCCP: known incorrect sRGB profile
libpng warning: iCCP: known incorrect sRGB profile
ClientQueryPlugin: currentServerConnectionChanged 2 (2)
ClientQueryPlugin: currentServerConnectionChanged 4 (4)
ClientQueryPlugin: currentServerConnectionChanged 2 (2)
ClientQueryPlugin: currentServerConnectionChanged 1 (1)
ClientQueryPlugin: currentServerConnectionChanged 2 (2)
ClientQueryPlugin: currentServerConnectionChanged 4 (4)
ClientQueryPlugin: currentServerConnectionChanged 2 (2)
2017-02-05 11:52:16.251360|INFO    |ClientUI      |2  |Connect status: Disconnected
2017-02-05 11:52:16.252143|INFO    |ClientUI      |2  |Disconnected or forced to leave, want autoreconnect = 0
ClientQueryPlugin: currentServerConnectionChanged 4 (4)
2017-02-05 11:52:19.712087|INFO    |ClientUI      |4  |Connect status: Disconnected
2017-02-05 11:52:19.712659|INFO    |ClientUI      |4  |Disconnected or forced to leave, want autoreconnect = 0
ClientQueryPlugin: currentServerConnectionChanged 1 (1)
2017-02-05 11:52:21.728929|INFO    |Newsticker    |   |Newsticker next check: Sun Feb 5 17:22:22 2017
2017-02-05 11:52:31.729162|INFO    |Newsticker    |   |Newsticker next check: Sun Feb 5 17:22:22 2017
2017-02-05 11:52:32.186402|INFO    |Newsticker    |   |Newsticker received for language en, expires on Sun Feb 5 17:52:32 2017, next check in 1800 seconds
libpng warning: iCCP: known incorrect sRGB profile
libpng warning: iCCP: known incorrect sRGB profile
libpng warning: iCCP: known incorrect sRGB profile
libpng warning: iCCP: known incorrect sRGB profile
libpng warning: iCCP: known incorrect sRGB profile
libpng warning: iCCP: known incorrect sRGB profile
libpng warning: iCCP: known incorrect sRGB profile
libpng warning: iCCP: known incorrect sRGB profile
libpng warning: iCCP: known incorrect sRGB profile
libpng warning: iCCP: known incorrect sRGB profile
libpng warning: iCCP: known incorrect sRGB profile
libpng warning: iCCP: known incorrect sRGB profile
libpng warning: iCCP: known incorrect sRGB profile
QMetaObject::connectSlotsByName: No matching signal for on_queued_open_dialog()
QMetaObject::connectSlotsByName: No matching signal for on_account_created(QString,QString)
QLayout: Attempting to add QLayout "" to ProfileManager "", which already has a layout
QLayout: Attempting to add QLayout "" to ProfileManager "", which already has a layout
QLayout: Attempting to add QLayout "" to ProfileManager "", which already has a layout
2017-02-05 12:22:15.261638|DEVELOP |ClientUI      |   |Load Sound pack: /home/sulochana/Desktop/TeamSpeak3-Client-linux_amd64/sound/
2017-02-05 12:22:31.732658|INFO    |Newsticker    |   |Newsticker next check: Sun Feb 5 17:52:32 2017
2017-02-05 12:22:41.728924|INFO    |Newsticker    |   |Newsticker next check: Sun Feb 5 17:52:32 2017
2017-02-05 12:22:42.339289|INFO    |Newsticker    |   |Newsticker received for language en, expires on Sun Feb 5 18:22:42 2017, next check in 1800 seconds
libpng warning: iCCP: known incorrect sRGB profile
libpng warning: iCCP: known incorrect sRGB profile
2017-02-05 12:26:44.971273|INFO    |ClientUI      |1  |Connect to server: ts.gamer.lk
2017-02-05 12:26:45.009300|INFO    |ClientUI      |1  |Connect status: Disconnected
2017-02-05 12:26:45.010472|INFO    |ClientUI      |1  |Disconnected or forced to leave, want autoreconnect = 0
2017-02-05 12:26:45.012750|INFO    |ClientUI      |1  |Connecting to next server...
2017-02-05 12:26:45.012800|INFO    |ClientUI      |1  |Connect to server: ts.gamer.lk
2017-02-05 12:26:45.014233|INFO    |ClientUI      |1  |Trying to resolve ts.gamer.lk
2017-02-05 12:26:45.067668|INFO    |TSDNS         |   |A/AAAA DNS resolve successful, "ts.gamer.lk" =(h: 108.61.164.41 p:0)
2017-02-05 12:26:45.069105|INFO    |TSDNS         |   |A/AAAA DNS resolve for possible TSDNS successful, "ts.gamer.lk" =(h: 108.61.164.41 p:0)
2017-02-05 12:26:45.119425|INFO    |TSDNS         |   |A/AAAA DNS resolve for possible TSDNS successful, "gamer.lk" =(h: 104.18.35.137 p:0)
2017-02-05 12:26:45.171773|INFO    |TSDNS         |   |SRV DNS resolve unsuccessful, "_ts3._udp.ts.gamer.lk" DNS server returned answer with no data
2017-02-05 12:26:45.229230|INFO    |TSDNS         |   |TSDNS queried unsuccessfully 108.61.164.41:41144
2017-02-05 12:26:45.229295|INFO    |TSDNS         |   |No TSDNS found
2017-02-05 12:26:45.278332|INFO    |TSDNS         |   |SRV DNS resolve unsuccessful, "_tsdns._tcp.gamer.lk" DNS server returned answer with no data
2017-02-05 12:26:47.119746|INFO    |TSDNS         |   |TSDNS queried unsuccessfully 104.18.35.137:41144
2017-02-05 12:26:47.119808|INFO    |TSDNS         |   |No TSDNS found
2017-02-05 12:26:47.119868|INFO    |ClientUI      |1  |Lookup finished: ip=108.61.164.41 port=9987 query=ts.gamer.lk wasTSDNS=0 error=0
2017-02-05 12:26:47.119907|INFO    |ClientUI      |1  |Resolve successful: 108.61.164.41:9987
2017-02-05 12:26:47.124157|INFO    |ClientUI      |1  |Blacklist check ok
2017-02-05 12:26:47.124211|INFO    |ClientUI      |1  |Initiating connection: 108.61.164.41:9987
2017-02-05 12:26:47.143019|INFO    |ClientUI      |1  |Connect status: Connecting
2017-02-05 12:26:47.161011|INFO    |TSDNS         |   |A/AAAA DNS resolve successful, "blacklist.teamspeak.com" =(h: 46.105.112.65 p:0)
2017-02-05 12:26:47.604429|DEVELOP |PktHandler    |   |Puzzle solve time: 6
2017-02-05 12:26:48.315778|INFO    |ClientUI      |1  |Connect status: Connected
libpng warning: iCCP: known incorrect sRGB profile
libpng warning: iCCP: known incorrect sRGB profile
2017-02-05 12:26:48.473335|INFO    |ClientUI      |1  |Connect status: Establishing connection
2017-02-05 12:26:49.038766|INFO    |BadgesService |   |Request user badges callback, received 0 user badges
2017-02-05 12:26:49.344416|INFO    |ClientUI      |1  |Connect status: Connection established
2017-02-05 12:26:49.346874|INFO    |PermManager   |   |Loading permissions from cache
libpng warning: iCCP: known incorrect sRGB profile
libpng warning: iCCP: known incorrect sRGB profile
libpng warning: iCCP: known incorrect sRGB profile
2017-02-05 12:27:11.138130|INFO    |ClientUI      |1  |Connect to server: 192.248.22.172
2017-02-05 12:27:11.358325|INFO    |ClientUI      |1  |Connect status: Disconnected
2017-02-05 12:27:11.359178|INFO    |ClientUI      |1  |Disconnected or forced to leave, want autoreconnect = 0
2017-02-05 12:27:11.360672|INFO    |ClientUI      |1  |Connecting to next server...
2017-02-05 12:27:11.360708|INFO    |ClientUI      |1  |Connect to server: 192.248.22.172
2017-02-05 12:27:11.362310|INFO    |ClientUI      |1  |Blacklist check ok
2017-02-05 12:27:11.362344|INFO    |ClientUI      |1  |Initiating connection: 192.248.22.172:9987
2017-02-05 12:27:11.365012|INFO    |TSDNS         |   |A/AAAA DNS resolve successful, "blacklist.teamspeak.com" =(h: 46.105.112.65 p:0)
2017-02-05 12:27:11.384121|INFO    |ClientUI      |1  |Connect status: Connecting
2017-02-05 12:27:11.426942|DEVELOP |PktHandler    |   |Puzzle solve time: 2
2017-02-05 12:27:11.532585|INFO    |ClientUI      |1  |Connect status: Connected
libpng warning: iCCP: known incorrect sRGB profile
libpng warning: iCCP: known incorrect sRGB profile
2017-02-05 12:27:11.583085|INFO    |ClientUI      |1  |Connect status: Establishing connection
2017-02-05 12:27:11.587280|INFO    |ClientUI      |1  |Connect status: Connection established
2017-02-05 12:27:11.588317|INFO    |PermManager   |   |Loading permissions from cache
2017-02-05 12:27:50.656694|WARNING |              |   |Opening banner URL prevented because of wrong scheme: ""
2017-02-05 12:27:53.397559|WARNING |              |   |Opening banner URL prevented because of wrong scheme: ""
2017-02-05 12:27:53.567646|WARNING |              |   |Opening banner URL prevented because of wrong scheme: ""
2017-02-05 12:27:53.716581|WARNING |              |   |Opening banner URL prevented because of wrong scheme: ""
libpng warning: iCCP: known incorrect sRGB profile
libpng warning: iCCP: known incorrect sRGB profile
libpng warning: iCCP: known incorrect sRGB profile
ClientQueryPlugin: currentServerConnectionChanged 5 (5)
2017-02-05 12:35:02.811833|INFO    |ClientUI      |5  |Connect to server: 192.248.22.172
2017-02-05 12:35:02.813975|INFO    |ClientUI      |5  |Blacklist check ok
2017-02-05 12:35:02.814009|INFO    |ClientUI      |5  |Initiating connection: 192.248.22.172:9987
warning: The VAD has been replaced by a hack pending a complete rewrite
2017-02-05 12:35:02.832310|DEBUG   |PulseAudio    |   |Opening echo stream alsa_output.pci-0000_00_1b.0.analog-stereo.echo-cancel
2017-02-05 12:35:02.832360|ERROR   |PulseAudio    |   |could not find device, returning default stereo mapping
2017-02-05 12:35:02.833018|INFO    |ClientUI      |5  |Connect status: Connecting
2017-02-05 12:35:02.882526|DEVELOP |PktHandler    |   |Puzzle solve time: 2
2017-02-05 12:35:02.971050|INFO    |ClientUI      |5  |Connect status: Disconnected
2017-02-05 12:35:02.971120|INFO    |ClientUI      |5  |Disconnected or forced to leave, want autoreconnect = 0
2017-02-05 12:35:02.975350|INFO    |TSDNS         |   |A/AAAA DNS resolve successful, "blacklist.teamspeak.com" =(h: 46.105.112.65 p:0)
2017-02-05 12:35:22.033306|INFO    |ClientUI      |5  |Initiating connection: 192.248.22.172:9987
2017-02-05 12:35:22.056274|INFO    |ClientUI      |5  |Connect status: Connecting
2017-02-05 12:35:22.106357|DEVELOP |PktHandler    |   |Puzzle solve time: 3
2017-02-05 12:35:22.212255|INFO    |ClientUI      |5  |Connect status: Connected
libpng warning: iCCP: known incorrect sRGB profile
2017-02-05 12:35:22.223281|INFO    |ClientUI      |5  |Connect status: Establishing connection
2017-02-05 12:35:22.270659|INFO    |ClientUI      |5  |Connect status: Connection established
2017-02-05 12:35:22.271674|INFO    |PermManager   |   |Loading permissions from cache
2017-02-05 12:35:23.099303|INFO    |BadgesService |   |Request user badges callback, received 0 user badges
libpng warning: iCCP: known incorrect sRGB profile
libpng warning: iCCP: known incorrect sRGB profile
ClientQueryPlugin: currentServerConnectionChanged 1 (1)
2017-02-05 12:48:07.970730|INFO    |ClientUI      |5  |Connect status: Disconnected
2017-02-05 12:48:07.971306|INFO    |ClientUI      |5  |Disconnected or forced to leave, want autoreconnect = 0
libpng warning: iCCP: known incorrect sRGB profile
ClientQueryPlugin: currentServerConnectionChanged 6 (6)
2017-02-05 12:48:38.082817|INFO    |ClientUI      |6  |Connect to server: ts.animus-esports.com
2017-02-05 12:48:38.083655|INFO    |ClientUI      |6  |Trying to resolve ts.animus-esports.com
2017-02-05 12:48:38.111888|INFO    |TSDNS         |   |A/AAAA DNS resolve successful, "ts.animus-esports.com" =(h: 128.199.219.33 p:0)
2017-02-05 12:48:38.113366|INFO    |TSDNS         |   |A/AAAA DNS resolve for possible TSDNS successful, "ts.animus-esports.com" =(h: 128.199.219.33 p:0)
2017-02-05 12:48:38.114993|INFO    |TSDNS         |   |A/AAAA DNS resolve for possible TSDNS successful, "animus-esports.com" =(h: 23.92.215.212 p:0)
2017-02-05 12:48:38.140723|INFO    |TSDNS         |   |SRV DNS resolve unsuccessful, "_tsdns._tcp.animus-esports.com" Domain name not found
2017-02-05 12:48:38.182430|INFO    |TSDNS         |   |TSDNS queried unsuccessfully 128.199.219.33:41144
2017-02-05 12:48:38.182509|INFO    |TSDNS         |   |No TSDNS found
2017-02-05 12:48:38.869760|INFO    |TSDNS         |   |SRV DNS resolve unsuccessful, "_ts3._udp.ts.animus-esports.com" Domain name not found
2017-02-05 12:48:40.116195|INFO    |TSDNS         |   |TSDNS queried unsuccessfully 23.92.215.212:41144
2017-02-05 12:48:40.116279|INFO    |TSDNS         |   |No TSDNS found
2017-02-05 12:48:40.116343|INFO    |ClientUI      |6  |Lookup finished: ip=128.199.219.33 port=9987 query=ts.animus-esports.com wasTSDNS=0 error=0
2017-02-05 12:48:40.116389|INFO    |ClientUI      |6  |Resolve successful: 128.199.219.33:9987
2017-02-05 12:48:40.118560|INFO    |ClientUI      |6  |Blacklist check ok
2017-02-05 12:48:40.118587|INFO    |ClientUI      |6  |Initiating connection: 128.199.219.33:9987
warning: The VAD has been replaced by a hack pending a complete rewrite
2017-02-05 12:48:40.137416|DEBUG   |PulseAudio    |   |Opening echo stream alsa_output.pci-0000_00_1b.0.analog-stereo.echo-cancel
2017-02-05 12:48:40.137468|ERROR   |PulseAudio    |   |could not find device, returning default stereo mapping
2017-02-05 12:48:40.137986|INFO    |ClientUI      |6  |Connect status: Connecting
2017-02-05 12:48:40.141489|INFO    |TSDNS         |   |A/AAAA DNS resolve successful, "blacklist.teamspeak.com" =(h: 46.105.112.65 p:0)
2017-02-05 12:48:40.277314|DEVELOP |PktHandler    |   |Puzzle solve time: 3
2017-02-05 12:48:40.562158|INFO    |ClientUI      |6  |Connect status: Connected
libpng warning: iCCP: known incorrect sRGB profile
libpng warning: iCCP: known incorrect sRGB profile
2017-02-05 12:48:40.579315|INFO    |ClientUI      |6  |Connect status: Establishing connection
libpng warning: iCCP: known incorrect sRGB profile
warning: The VAD has been replaced by a hack pending a complete rewrite
libpng warning: iCCP: known incorrect sRGB profile
libpng warning: iCCP: known incorrect sRGB profile
libpng warning: iCCP: cHRM chunk does not match sRGB
2017-02-05 12:48:40.853883|INFO    |ClientUI      |6  |Connect status: Connection established
2017-02-05 12:48:40.854898|INFO    |PermManager   |   |Loading permissions from cache
libpng warning: iCCP: known incorrect sRGB profile
libpng warning: iCCP: known incorrect sRGB profile
libpng warning: iCCP: known incorrect sRGB profile
libpng warning: iCCP: known incorrect sRGB profile
libpng warning: iCCP: known incorrect sRGB profile
libpng warning: iCCP: known incorrect sRGB profile
libpng warning: iCCP: known incorrect sRGB profile
libpng warning: iCCP: known incorrect sRGB profile
libpng warning: iCCP: known incorrect sRGB profile
libpng warning: iCCP: known incorrect sRGB profile
2017-02-05 12:48:41.303185|INFO    |BadgesService |   |Request user badges callback, received 0 user badges
2017-02-05 12:48:44.164585|INFO    |UIHelpers     |   |Error resizing icon to 16x16: /home/sulochana/.ts3client/cache/dGpTeTRmOU9YOTVacGJpSW0vVHlQRWgzOUtrPQ==/icons/icon_743152898 
2017-02-05 12:48:44.165042|INFO    |UIHelpers     |   |Error resizing icon to 16x16: /home/sulochana/.ts3client/cache/dGpTeTRmOU9YOTVacGJpSW0vVHlQRWgzOUtrPQ==/icons/icon_743152898 
2017-02-05 12:48:45.365406|INFO    |UIHelpers     |   |Error resizing icon to 16x16: /home/sulochana/.ts3client/cache/dGpTeTRmOU9YOTVacGJpSW0vVHlQRWgzOUtrPQ==/icons/icon_743152898 
2017-02-05 12:48:45.365717|INFO    |UIHelpers     |   |Error resizing icon to 16x16: /home/sulochana/.ts3client/cache/dGpTeTRmOU9YOTVacGJpSW0vVHlQRWgzOUtrPQ==/icons/icon_743152898 
2017-02-05 12:48:45.946218|INFO    |UIHelpers     |   |Error resizing icon to 16x16: /home/sulochana/.ts3client/cache/dGpTeTRmOU9YOTVacGJpSW0vVHlQRWgzOUtrPQ==/icons/icon_743152898 
2017-02-05 12:48:45.946523|INFO    |UIHelpers     |   |Error resizing icon to 16x16: /home/sulochana/.ts3client/cache/dGpTeTRmOU9YOTVacGJpSW0vVHlQRWgzOUtrPQ==/icons/icon_743152898 
2017-02-05 12:48:47.495868|INFO    |UIHelpers     |   |Error resizing icon to 16x16: /home/sulochana/.ts3client/cache/dGpTeTRmOU9YOTVacGJpSW0vVHlQRWgzOUtrPQ==/icons/icon_743152898 
2017-02-05 12:48:47.563237|INFO    |UIHelpers     |   |Error resizing icon to 16x16: /home/sulochana/.ts3client/cache/dGpTeTRmOU9YOTVacGJpSW0vVHlQRWgzOUtrPQ==/icons/icon_743152898 
libpng warning: iCCP: known incorrect sRGB profile
2017-02-05 12:48:47.568912|INFO    |UIHelpers     |   |Error resizing icon to 16x16: /home/sulochana/.ts3client/cache/dGpTeTRmOU9YOTVacGJpSW0vVHlQRWgzOUtrPQ==/icons/icon_743152898 
2017-02-05 12:48:49.439171|INFO    |UIHelpers     |   |Error resizing icon to 16x16: /home/sulochana/.ts3client/cache/dGpTeTRmOU9YOTVacGJpSW0vVHlQRWgzOUtrPQ==/icons/icon_743152898 
2017-02-05 12:48:50.502061|INFO    |UIHelpers     |   |Error resizing icon to 16x16: /home/sulochana/.ts3client/cache/dGpTeTRmOU9YOTVacGJpSW0vVHlQRWgzOUtrPQ==/icons/icon_743152898 
2017-02-05 12:48:50.502352|INFO    |UIHelpers     |   |Error resizing icon to 16x16: /home/sulochana/.ts3client/cache/dGpTeTRmOU9YOTVacGJpSW0vVHlQRWgzOUtrPQ==/icons/icon_743152898 
2017-02-05 12:48:51.913204|INFO    |UIHelpers     |   |Error resizing icon to 16x16: /home/sulochana/.ts3client/cache/dGpTeTRmOU9YOTVacGJpSW0vVHlQRWgzOUtrPQ==/icons/icon_743152898 
2017-02-05 12:48:51.913509|INFO    |UIHelpers     |   |Error resizing icon to 16x16: /home/sulochana/.ts3client/cache/dGpTeTRmOU9YOTVacGJpSW0vVHlQRWgzOUtrPQ==/icons/icon_743152898 
2017-02-05 12:48:51.948755|INFO    |UIHelpers     |   |Error resizing icon to 16x16: /home/sulochana/.ts3client/cache/dGpTeTRmOU9YOTVacGJpSW0vVHlQRWgzOUtrPQ==/icons/icon_743152898 
2017-02-05 12:48:51.949038|INFO    |UIHelpers     |   |Error resizing icon to 16x16: /home/sulochana/.ts3client/cache/dGpTeTRmOU9YOTVacGJpSW0vVHlQRWgzOUtrPQ==/icons/icon_743152898 
libpng warning: iCCP: known incorrect sRGB profile
2017-02-05 12:49:11.559795|INFO    |UIHelpers     |   |Error resizing icon to 16x16: /home/sulochana/.ts3client/cache/dGpTeTRmOU9YOTVacGJpSW0vVHlQRWgzOUtrPQ==/icons/icon_743152898 
2017-02-05 12:49:11.560093|INFO    |UIHelpers     |   |Error resizing icon to 16x16: /home/sulochana/.ts3client/cache/dGpTeTRmOU9YOTVacGJpSW0vVHlQRWgzOUtrPQ==/icons/icon_743152898 
2017-02-05 12:49:14.305896|WARNING |              |   |Opening banner URL prevented because of wrong scheme: ""
2017-02-05 12:49:16.388539|INFO    |UIHelpers     |   |Error resizing icon to 16x16: /home/sulochana/.ts3client/cache/dGpTeTRmOU9YOTVacGJpSW0vVHlQRWgzOUtrPQ==/icons/icon_743152898 
2017-02-05 12:49:16.388848|INFO    |UIHelpers     |   |Error resizing icon to 16x16: /home/sulochana/.ts3client/cache/dGpTeTRmOU9YOTVacGJpSW0vVHlQRWgzOUtrPQ==/icons/icon_743152898 
2017-02-05 12:49:22.483691|INFO    |UIHelpers     |   |Error resizing icon to 16x16: /home/sulochana/.ts3client/cache/dGpTeTRmOU9YOTVacGJpSW0vVHlQRWgzOUtrPQ==/icons/icon_743152898 
2017-02-05 12:49:22.484064|INFO    |UIHelpers     |   |Error resizing icon to 16x16: /home/sulochana/.ts3client/cache/dGpTeTRmOU9YOTVacGJpSW0vVHlQRWgzOUtrPQ==/icons/icon_743152898 
2017-02-05 12:49:23.496855|INFO    |UIHelpers     |   |Error resizing icon to 16x16: /home/sulochana/.ts3client/cache/dGpTeTRmOU9YOTVacGJpSW0vVHlQRWgzOUtrPQ==/icons/icon_743152898 
2017-02-05 12:49:23.497149|INFO    |UIHelpers     |   |Error resizing icon to 16x16: /home/sulochana/.ts3client/cache/dGpTeTRmOU9YOTVacGJpSW0vVHlQRWgzOUtrPQ==/icons/icon_743152898 
2017-02-05 12:49:23.578401|INFO    |UIHelpers     |   |Error resizing icon to 16x16: /home/sulochana/.ts3client/cache/dGpTeTRmOU9YOTVacGJpSW0vVHlQRWgzOUtrPQ==/icons/icon_743152898 
2017-02-05 12:49:23.578716|INFO    |UIHelpers     |   |Error resizing icon to 16x16: /home/sulochana/.ts3client/cache/dGpTeTRmOU9YOTVacGJpSW0vVHlQRWgzOUtrPQ==/icons/icon_743152898 
2017-02-05 12:49:27.422002|INFO    |UIHelpers     |   |Error resizing icon to 16x16: /home/sulochana/.ts3client/cache/dGpTeTRmOU9YOTVacGJpSW0vVHlQRWgzOUtrPQ==/icons/icon_743152898 
2017-02-05 12:49:27.422311|INFO    |UIHelpers     |   |Error resizing icon to 16x16: /home/sulochana/.ts3client/cache/dGpTeTRmOU9YOTVacGJpSW0vVHlQRWgzOUtrPQ==/icons/icon_743152898 
2017-02-05 12:49:29.056734|INFO    |UIHelpers     |   |Error resizing icon to 16x16: /home/sulochana/.ts3client/cache/dGpTeTRmOU9YOTVacGJpSW0vVHlQRWgzOUtrPQ==/icons/icon_743152898 
2017-02-05 12:49:29.057028|INFO    |UIHelpers     |   |Error resizing icon to 16x16: /home/sulochana/.ts3client/cache/dGpTeTRmOU9YOTVacGJpSW0vVHlQRWgzOUtrPQ==/icons/icon_743152898 
2017-02-05 12:49:30.239268|INFO    |UIHelpers     |   |Error resizing icon to 16x16: /home/sulochana/.ts3client/cache/dGpTeTRmOU9YOTVacGJpSW0vVHlQRWgzOUtrPQ==/icons/icon_743152898 
2017-02-05 12:49:30.239579|INFO    |UIHelpers     |   |Error resizing icon to 16x16: /home/sulochana/.ts3client/cache/dGpTeTRmOU9YOTVacGJpSW0vVHlQRWgzOUtrPQ==/icons/icon_743152898 
2017-02-05 12:49:30.467832|INFO    |ClientUI      |6  |Connect status: Disconnected
2017-02-05 12:49:30.468414|INFO    |ClientUI      |6  |Disconnected or forced to leave, want autoreconnect = 0
ClientQueryPlugin: currentServerConnectionChanged 1 (1)
2017-02-05 12:52:42.728428|INFO    |Newsticker    |   |Newsticker next check: Sun Feb 5 18:22:42 2017
2017-02-05 12:52:44.537962|INFO    |Newsticker    |   |Newsticker received for language en, expires on Sun Feb 5 18:52:44 2017, next check in 1800 seconds
libpng warning: iCCP: known incorrect sRGB profile
libpng warning: iCCP: known incorrect sRGB profile
libpng warning: iCCP: known incorrect sRGB profile
libpng warning: iCCP: known incorrect sRGB profile
libpng warning: iCCP: known incorrect sRGB profile
libpng warning: iCCP: known incorrect sRGB profile
libpng warning: iCCP: known incorrect sRGB profile
libpng warning: iCCP: known incorrect sRGB profile
libpng warning: iCCP: known incorrect sRGB profile
libpng warning: iCCP: known incorrect sRGB profile
libpng warning: iCCP: known incorrect sRGB profile
2017-02-05 13:22:44.729519|INFO    |Newsticker    |   |Newsticker next check: Sun Feb 5 18:52:44 2017
2017-02-05 13:22:45.136071|INFO    |Newsticker    |   |Newsticker received for language en, expires on Sun Feb 5 19:22:45 2017, next check in 1800 seconds
libpng warning: iCCP: known incorrect sRGB profile
libpng warning: iCCP: known incorrect sRGB profile
libpng warning: iCCP: known incorrect sRGB profile
libpng warning: iCCP: known incorrect sRGB profile
libpng warning: iCCP: known incorrect sRGB profile
libpng warning: iCCP: known incorrect sRGB profile
libpng warning: iCCP: known incorrect sRGB profile
libpng warning: iCCP: known incorrect sRGB profile
libpng warning: iCCP: known incorrect sRGB profile
libpng warning: iCCP: known incorrect sRGB profile
libpng warning: iCCP: known incorrect sRGB profile
libpng warning: iCCP: known incorrect sRGB profile
libpng warning: iCCP: known incorrect sRGB profile
libpng warning: iCCP: known incorrect sRGB profile
libpng warning: iCCP: known incorrect sRGB profile
libpng warning: iCCP: known incorrect sRGB profile
libpng warning: iCCP: known incorrect sRGB profile
libpng warning: iCCP: known incorrect sRGB profile
libpng warning: iCCP: known incorrect sRGB profile
libpng warning: iCCP: known incorrect sRGB profile
libpng warning: iCCP: known incorrect sRGB profile
libpng warning: iCCP: known incorrect sRGB profile
libpng warning: iCCP: known incorrect sRGB profile
libpng warning: iCCP: known incorrect sRGB profile
libpng warning: iCCP: known incorrect sRGB profile
libpng warning: iCCP: known incorrect sRGB profile
libpng warning: iCCP: known incorrect sRGB profile
libpng warning: iCCP: known incorrect sRGB profile
libpng warning: iCCP: known incorrect sRGB profile
libpng warning: iCCP: known incorrect sRGB profile
libpng warning: iCCP: known incorrect sRGB profile
2017-02-05 13:52:44.729097|INFO    |Newsticker    |   |Newsticker next check: Sun Feb 5 19:22:45 2017
2017-02-05 13:52:54.728401|INFO    |Newsticker    |   |Newsticker next check: Sun Feb 5 19:22:45 2017
2017-02-05 13:52:55.197708|INFO    |Newsticker    |   |Newsticker received for language en, expires on Sun Feb 5 19:52:55 2017, next check in 1800 seconds
libpng warning: iCCP: known incorrect sRGB profile
libpng warning: iCCP: known incorrect sRGB profile
libpng warning: iCCP: known incorrect sRGB profile
